Arguments: 
  C:\Program Files\nodejs\node.exe C:\Program Files (x86)\Yarn\bin\yarn.js

PATH: 
  C:\ProgramData\Oracle\Java\javapath;C:\Program Files\Microsoft MPI\Bin\;C:\Python27\;C:\Python27\Scripts;C:\WINDOWS\system32;C:\WINDOWS;C:\WINDOWS\System32\Wbem;C:\WINDOWS\System32\WindowsPowerShell\v1.0\;C:\Program Files (x86)\ATI Technologies\ATI.ACE\Core-Static;C:\Program Files\TortoiseSVN\bin;C:\Program Files\Microsoft SQL Server\Client SDK\ODBC\110\Tools\Binn\;C:\Program Files (x86)\Microsoft SQL Server\120\Tools\Binn\ManagementStudio\;C:\Program Files (x86)\Microsoft SQL Server\120\Tools\Binn\;C:\Program Files\Microsoft SQL Server\120\Tools\Binn\;C:\Program Files (x86)\Microsoft SQL Server\120\DTS\Binn\;C:\Program Files\Microsoft SQL Server\130\Tools\Binn\;C:\Program Files (x86)\Microsoft SQL Server\Client SDK\ODBC\130\Tools\Binn\;C:\Program Files (x86)\Microsoft SQL Server\130\DTS\Binn\;C:\Program Files (x86)\Microsoft SQL Server\110\DTS\Binn\;C:\Program Files\Microsoft\Web Platform Installer\;C:\ProgramData\chocolatey\bin;C:\Program Files\dotnet\;C:\Program Files (x86)\Microsoft SQL Server\140\Tools\Binn\;C:\Program Files (x86)\Microsoft SQL Server\140\DTS\Binn\;C:\Program Files (x86)\Microsoft SQL Server\140\Tools\Binn\ManagementStudio\;C:\Users\Luke Chang\AppData\Local\Programs\Git\cmd;C:\Program Files\MongoDB\Server\3.4\bin;C:\Program Files (x86)\Yarn\bin;C:\Program Files\nodejs\;C:\Android\Sdk\tools;C:\Android\Sdk\platform-tools;C:\Users\Luke Chang\.dnx\bin;C:\Users\Luke Chang\AppData\Local\Microsoft\WindowsApps;C:\Users\Luke Chang\AppData\Local\Programs\Git\cmd;C:\Program Files (x86)\Microsoft VS Code\bin;C:\Users\Luke Chang\AppData\Local\Microsoft\WindowsApps;C:\Users\Luke Chang\AppData\Local\Yarn\bin;C:\Users\Luke Chang\AppData\Roaming\npm;C:\Android\Sdk\platform-tools;

Yarn version: 
  1.3.2

Node version: 
  8.9.1

Platform: 
  win32 x64

npm manifest: 
  {
    "name": "flux-shell",
    "version": "1.0.0",
    "description": "Basic shell application for the Flux architecture",
    "repository": "https://github.com/facebook/flux",
    "author": "Kyle Davis",
    "license": "BSD-3-Clause",
    "main": "bundle.js",
    "scripts": {
      "build": "webpack ./src/root.js ./bundle.js",
      "watch": "webpack ./src/root.js ./bundle.js --watch",
      "test": "echo \"Error: no test specified\" && exit 1"
    },
    "dependencies": {
      "classnames": "^2.2.3",
      "flux": "../../.",
      "immutable": "^3.8.0",
      "react": "^15.0.2",
      "react-dom": "^15.0.1"
    },
    "devDependencies": {
      "babel-core": "^6.7.6",
      "babel-loader": "^6.2.4",
      "babel-plugin-syntax-async-functions": "^6.5.0",
      "babel-plugin-syntax-flow": "^6.5.0",
      "babel-plugin-syntax-jsx": "^6.5.0",
      "babel-plugin-syntax-object-rest-spread": "^6.5.0",
      "babel-plugin-syntax-trailing-function-commas": "^6.5.0",
      "babel-plugin-transform-flow-strip-types": "^6.5.0",
      "babel-plugin-transform-object-rest-spread": "^6.6.5",
      "babel-plugin-transform-react-jsx": "^6.7.5",
      "babel-plugin-transform-regenerator": "^6.5.2",
      "babel-plugin-transform-runtime": "^6.5.2",
      "babel-preset-es2015": "^6.5.0",
      "webpack": "^1.13.0"
    }
  }

yarn manifest: 
  No manifest

Lockfile: 
  No lockfile

Trace: 
  Error: EBUSY: resource busy or locked, lstat 'C:\hiberfil.sys'
